<?xml version="1.0" encoding="UTF-8"?>
<testsuite name="(empty)" tests="1" failures="1" disabled="0" skipped="0" hostname="" time="1" timestamp="2026-04-16T13:44:32">
	<testcase name="test_audio_engine" classname="test_audio_engine" time="0.300" status="run">
		<properties>
			<property name="cmake_labels" value="HEADLESS_SMOKE"/>
		</properties>
		<failure type="Failed" message="Audio device error">
miniaudio init: device unavailable; AudioEngine failed to start
		</failure>
		<system-out>miniaudio init: device unavailable; AudioEngine failed to start</system-out>
	</testcase>
</testsuite>
