<?xml version="1.0" encoding="UTF-8"?>
<testsuite name="(empty)" tests="1" failures="1" disabled="0" skipped="0" hostname="" time="1" timestamp="2026-04-16T13:44:32">
	<testcase name="test_runtime_stress" classname="test_runtime_stress" time="0.800" status="run">
		<properties>
			<property name="cmake_labels" value="STRESS"/>
		</properties>
		<failure type="Failed" message="Subprocess aborted">
Process terminated by SIGSEGV at frame 1283
		</failure>
		<system-out>Process terminated by SIGSEGV at frame 1283</system-out>
	</testcase>
</testsuite>
