<?xml version="1.0" encoding="UTF-8"?>
<testsuite name="(empty)" tests="1" failures="1" disabled="0" skipped="0" hostname="" time="1" timestamp="2026-04-16T13:44:32">
	<testcase name="test_runtime_bootstrap_packages" classname="test_runtime_bootstrap_packages" time="1.200" status="run">
		<properties>
			<property name="cmake_labels" value="PACKAGE"/>
		</properties>
		<failure type="Failed" message="missing operator">
[vivid] Registry: operator 'Wavetable' not_found in any package path
		</failure>
		<system-out>[vivid] Registry: operator 'Wavetable' not_found in any package path</system-out>
	</testcase>
</testsuite>
