<?xml version="1.0" encoding="UTF-8"?>
<testsuite name="(empty)" tests="2" failures="0" disabled="0" skipped="0" hostname="" time="3" timestamp="2026-04-16T13:44:32">
	<testcase name="test_demo_graphs" classname="test_demo_graphs" time="2.500" status="run">
		<properties>
			<property name="cmake_labels" value="HEADLESS_SMOKE"/>
		</properties>
		<system-out>  PASS: all demo graphs loaded</system-out>
	</testcase>
	<testcase name="test_package_compiler" classname="test_package_compiler" time="0.500" status="run">
		<properties>
			<property name="cmake_labels" value="PACKAGE"/>
		</properties>
		<system-out>  PASS: compiler ok</system-out>
	</testcase>
</testsuite>
