<?xml version="1.0" encoding="UTF-8"?>
<testsuite name="(empty)" tests="4" failures="0" disabled="0" skipped="0" hostname="" time="42" timestamp="2026-04-16T13:44:32">
	<testcase name="test_runtime_stress" classname="test_runtime_stress" time="12.500" status="run">
		<properties>
			<property name="cmake_labels" value="STRESS"/>
		</properties>
		<system-out>  PASS: stress 5000 cycles ok</system-out>
	</testcase>
	<testcase name="test_hot_reload_stress" classname="test_hot_reload_stress" time="9.250" status="run">
		<properties>
			<property name="cmake_labels" value="STRESS"/>
		</properties>
		<system-out>  PASS: 200 reloads</system-out>
	</testcase>
	<testcase name="test_package_stress" classname="test_package_stress" time="8.100" status="run">
		<properties>
			<property name="cmake_labels" value="STRESS"/>
		</properties>
		<system-out>  PASS: package churn ok</system-out>
	</testcase>
	<testcase name="test_mixed_runtime_stability" classname="test_mixed_runtime_stability" time="12.750" status="run">
		<properties>
			<property name="cmake_labels" value="STRESS"/>
		</properties>
		<system-out>  PASS: mixed cadence stable</system-out>
	</testcase>
</testsuite>
