<?xml version="1.0" encoding="UTF-8"?>
<testsuite name="(empty)" tests="2" failures="0" disabled="0" skipped="2" hostname="" time="0" timestamp="2026-04-16T13:44:32">
	<testcase name="test_ui_screenshot_smoke" classname="test_ui_screenshot_smoke" time="0.000" status="notrun">
		<properties>
			<property name="cmake_labels" value="GUI_SMOKE"/>
		</properties>
		<skipped/>
	</testcase>
	<testcase name="test_ui_screenshot_smoke_env" classname="test_ui_screenshot_smoke_env" time="0.000" status="notrun">
		<properties>
			<property name="cmake_labels" value="GUI_ENV"/>
		</properties>
		<skipped/>
	</testcase>
</testsuite>
