<?xml version="1.0" encoding="UTF-8"?>
<testsuite name="(empty)" tests="1" failures="1" disabled="0" skipped="0" hostname="" time="1" timestamp="2026-04-16T13:44:32">
	<testcase name="test_truncated_failure" classname="test_truncated_failure" time="0.300" status="run">
		<properties>
			<property name="cmake_labels" value="HEADLESS_SMOKE"/>
		</properties>
		<failure type="Failed" message="See full log"/>
		<system-out>(stdout truncated by ctest before the discriminating signature)</system-out>
	</testcase>
</testsuite>
