<?xml version="1.0" encoding="UTF-8"?>
<testsuite name="(empty)" tests="1" failures="1" disabled="0" skipped="0" hostname="" time="1" timestamp="2026-04-16T13:44:32">
	<testcase name="test_operator_sweep" classname="test_operator_sweep" time="1.000" status="run">
		<properties>
			<property name="cmake_labels" value="HEADLESS_SMOKE"/>
		</properties>
		<failure type="Failed" message="WebGPU validation error in shader compilation">
[wgpu] Validation error: Bind group layout mismatch in pipeline 'noise'
		</failure>
		<system-out>[wgpu] Validation error: Bind group layout mismatch in pipeline 'noise'</system-out>
	</testcase>
</testsuite>
